<?xml version="1.0" encoding="UTF-8"?>
<robot generator="Robot 7.1.1 (Python 3.12.6 on linux)" generated="2024-11-18T18:09:38.460668" rpa="false" schemaversion="5">
<suite id="s1" name="Tests" source="/home/tatu/_repos/webcounter/src/tests">
<suite id="s1-s1" name="Increment" source="/home/tatu/_repos/webcounter/src/tests/increment.robot">
<kw name="Open And Configure Browser" owner="resource" type="SETUP">
<if>
<branch type="IF" condition="$BROWSER == 'chrome'">
<kw name="Evaluate" owner="BuiltIn">
<var>${options}</var>
<arg>sys.modules['selenium.webdriver'].ChromeOptions()</arg>
<arg>sys</arg>
<doc>Evaluates the given expression in Python and returns the result.</doc>
<status status="NOT RUN" start="2024-11-18T18:09:38.693392" elapsed="0.000094"/>
</kw>
<status status="NOT RUN" start="2024-11-18T18:09:38.692266" elapsed="0.001395"/>
</branch>
<branch type="ELSE IF" condition="$BROWSER == 'firefox'">
<kw name="Evaluate" owner="BuiltIn">
<msg time="2024-11-18T18:09:38.694865" level="INFO">${options} = &lt;selenium.webdriver.firefox.options.Options object at 0x757ce3b05fd0&gt;</msg>
<var>${options}</var>
<arg>sys.modules['selenium.webdriver'].FirefoxOptions()</arg>
<arg>sys</arg>
<doc>Evaluates the given expression in Python and returns the result.</doc>
<status status="PASS" start="2024-11-18T18:09:38.694194" elapsed="0.000737"/>
</kw>
<status status="PASS" start="2024-11-18T18:09:38.693758" elapsed="0.001278"/>
</branch>
<status status="PASS" start="2024-11-18T18:09:38.692213" elapsed="0.002901"/>
</if>
<if>
<branch type="IF" condition="$HEADLESS == 'true'">
<kw name="Set Selenium Speed" owner="SeleniumLibrary">
<arg>0</arg>
<doc>Sets the delay that is waited after each Selenium command.</doc>
<status status="NOT RUN" start="2024-11-18T18:09:38.695575" elapsed="0.000247"/>
</kw>
<kw name="Call Method" owner="BuiltIn">
<arg>${options}</arg>
<arg>add_argument</arg>
<arg>--headless</arg>
<doc>Calls the named method of the given object with the provided arguments.</doc>
<status status="NOT RUN" start="2024-11-18T18:09:38.695976" elapsed="0.000043"/>
</kw>
<status status="NOT RUN" start="2024-11-18T18:09:38.695263" elapsed="0.000826"/>
</branch>
<branch type="ELSE">
<kw name="Set Selenium Speed" owner="SeleniumLibrary">
<arg>${DELAY}</arg>
<doc>Sets the delay that is waited after each Selenium command.</doc>
<status status="PASS" start="2024-11-18T18:09:38.696277" elapsed="0.000597"/>
</kw>
<status status="PASS" start="2024-11-18T18:09:38.696142" elapsed="0.000810"/>
</branch>
<status status="PASS" start="2024-11-18T18:09:38.695226" elapsed="0.001783"/>
</if>
<kw name="Open Browser" owner="SeleniumLibrary">
<msg time="2024-11-18T18:09:38.697650" level="INFO">Opening browser 'firefox' to base url 'None'.</msg>
<arg>browser=${BROWSER}</arg>
<arg>options=${options}</arg>
<doc>Opens a new browser instance to the optional ``url``.</doc>
<status status="PASS" start="2024-11-18T18:09:38.697175" elapsed="4.230981"/>
</kw>
<status status="PASS" start="2024-11-18T18:09:38.691840" elapsed="4.236622"/>
</kw>
<test id="s1-s1-t1" name="At start the counter is zero" line="7">
<kw name="Go To" owner="SeleniumLibrary">
<msg time="2024-11-18T18:09:42.930341" level="INFO">Opening url 'http://localhost:5001'</msg>
<arg>${HOME_URL}</arg>
<doc>Navigates the current browser window to the provided ``url``.</doc>
<status status="PASS" start="2024-11-18T18:09:42.929809" elapsed="0.642062"/>
</kw>
<kw name="Title Should Be" owner="SeleniumLibrary">
<msg time="2024-11-18T18:09:44.078634" level="INFO">Page title is 'Laskuri'.</msg>
<arg>Laskuri</arg>
<doc>Verifies that the current page title equals ``title``.</doc>
<status status="PASS" start="2024-11-18T18:09:43.572578" elapsed="0.506423"/>
</kw>
<kw name="Page Should Contain" owner="SeleniumLibrary">
<msg time="2024-11-18T18:09:45.115618" level="INFO">Current page contains text 'nappia painettu 0 kertaa'.</msg>
<arg>nappia painettu 0 kertaa</arg>
<doc>Verifies that current page contains ``text``.</doc>
<status status="PASS" start="2024-11-18T18:09:44.079732" elapsed="1.036186"/>
</kw>
<status status="PASS" start="2024-11-18T18:09:42.928691" elapsed="2.187901"/>
</test>
<test id="s1-s1-t2" name="When button pressed twice the counter is two" line="12">
<kw name="Go To" owner="SeleniumLibrary">
<msg time="2024-11-18T18:09:45.119207" level="INFO">Opening url 'http://localhost:5001'</msg>
<arg>${HOME_URL}</arg>
<doc>Navigates the current browser window to the provided ``url``.</doc>
<status status="PASS" start="2024-11-18T18:09:45.118659" elapsed="0.573251"/>
</kw>
<kw name="Click Button" owner="SeleniumLibrary">
<msg time="2024-11-18T18:09:45.693467" level="INFO">Clicking button 'Paina'.</msg>
<arg>Paina</arg>
<doc>Clicks the button identified by ``locator``.</doc>
<status status="PASS" start="2024-11-18T18:09:45.692543" elapsed="1.632361"/>
</kw>
<kw name="Click Button" owner="SeleniumLibrary">
<msg time="2024-11-18T18:09:47.325997" level="INFO">Clicking button 'Paina'.</msg>
<arg>Paina</arg>
<doc>Clicks the button identified by ``locator``.</doc>
<status status="PASS" start="2024-11-18T18:09:47.325540" elapsed="1.605822"/>
</kw>
<kw name="Page Should Contain" owner="SeleniumLibrary">
<msg time="2024-11-18T18:09:49.946680" level="INFO">Current page contains text 'nappia painettu 2 kertaa'.</msg>
<arg>nappia painettu 2 kertaa</arg>
<doc>Verifies that current page contains ``text``.</doc>
<status status="PASS" start="2024-11-18T18:09:48.931953" elapsed="1.015015"/>
</kw>
<status status="PASS" start="2024-11-18T18:09:45.117401" elapsed="4.830126"/>
</test>
<kw name="Close Browser" owner="SeleniumLibrary" type="TEARDOWN">
<doc>Closes the current browser.</doc>
<status status="PASS" start="2024-11-18T18:09:49.948946" elapsed="1.638296"/>
</kw>
<status status="PASS" start="2024-11-18T18:09:38.502850" elapsed="13.084643"/>
</suite>
<suite id="s1-s2" name="Reset" source="/home/tatu/_repos/webcounter/src/tests/reset.robot">
<kw name="Open And Configure Browser" owner="resource" type="SETUP">
<if>
<branch type="IF" condition="$BROWSER == 'chrome'">
<kw name="Evaluate" owner="BuiltIn">
<var>${options}</var>
<arg>sys.modules['selenium.webdriver'].ChromeOptions()</arg>
<arg>sys</arg>
<doc>Evaluates the given expression in Python and returns the result.</doc>
<status status="NOT RUN" start="2024-11-18T18:09:51.597541" elapsed="0.000109"/>
</kw>
<status status="NOT RUN" start="2024-11-18T18:09:51.596802" elapsed="0.001088"/>
</branch>
<branch type="ELSE IF" condition="$BROWSER == 'firefox'">
<kw name="Evaluate" owner="BuiltIn">
<msg time="2024-11-18T18:09:51.599622" level="INFO">${options} = &lt;selenium.webdriver.firefox.options.Options object at 0x757ce38f99a0&gt;</msg>
<var>${options}</var>
<arg>sys.modules['selenium.webdriver'].FirefoxOptions()</arg>
<arg>sys</arg>
<doc>Evaluates the given expression in Python and returns the result.</doc>
<status status="PASS" start="2024-11-18T18:09:51.598512" elapsed="0.001270"/>
</kw>
<status status="PASS" start="2024-11-18T18:09:51.598019" elapsed="0.002016"/>
</branch>
<status status="PASS" start="2024-11-18T18:09:51.596733" elapsed="0.003473"/>
</if>
<if>
<branch type="IF" condition="$HEADLESS == 'true'">
<kw name="Set Selenium Speed" owner="SeleniumLibrary">
<arg>0</arg>
<doc>Sets the delay that is waited after each Selenium command.</doc>
<status status="NOT RUN" start="2024-11-18T18:09:51.601153" elapsed="0.000098"/>
</kw>
<kw name="Call Method" owner="BuiltIn">
<arg>${options}</arg>
<arg>add_argument</arg>
<arg>--headless</arg>
<doc>Calls the named method of the given object with the provided arguments.</doc>
<status status="NOT RUN" start="2024-11-18T18:09:51.601598" elapsed="0.000092"/>
</kw>
<status status="NOT RUN" start="2024-11-18T18:09:51.600481" elapsed="0.001356"/>
</branch>
<branch type="ELSE">
<kw name="Set Selenium Speed" owner="SeleniumLibrary">
<arg>${DELAY}</arg>
<doc>Sets the delay that is waited after each Selenium command.</doc>
<status status="PASS" start="2024-11-18T18:09:51.602255" elapsed="0.000900"/>
</kw>
<status status="PASS" start="2024-11-18T18:09:51.601961" elapsed="0.001334"/>
</branch>
<status status="PASS" start="2024-11-18T18:09:51.600394" elapsed="0.002999"/>
</if>
<kw name="Open Browser" owner="SeleniumLibrary">
<msg time="2024-11-18T18:09:51.604760" level="INFO">Opening browser 'firefox' to base url 'None'.</msg>
<arg>browser=${BROWSER}</arg>
<arg>options=${options}</arg>
<doc>Opens a new browser instance to the optional ``url``.</doc>
<status status="PASS" start="2024-11-18T18:09:51.603958" elapsed="4.086256"/>
</kw>
<status status="PASS" start="2024-11-18T18:09:51.596170" elapsed="4.094337"/>
</kw>
<test id="s1-s2-t1" name="When counter has a nonzero value and it is reset the value becomes zero" line="7">
<kw name="Go To" owner="SeleniumLibrary">
<msg time="2024-11-18T18:09:55.691952" level="INFO">Opening url 'http://localhost:5001'</msg>
<arg>${HOME_URL}</arg>
<doc>Navigates the current browser window to the provided ``url``.</doc>
<status status="PASS" start="2024-11-18T18:09:55.691574" elapsed="0.637537"/>
</kw>
<kw name="Click Button" owner="SeleniumLibrary">
<msg time="2024-11-18T18:09:56.330418" level="INFO">Clicking button 'Paina'.</msg>
<arg>Paina</arg>
<doc>Clicks the button identified by ``locator``.</doc>
<status status="PASS" start="2024-11-18T18:09:56.329879" elapsed="1.684142"/>
</kw>
<kw name="Click Button" owner="SeleniumLibrary">
<msg time="2024-11-18T18:09:58.015276" level="INFO">Clicking button 'Nollaa'.</msg>
<arg>Nollaa</arg>
<doc>Clicks the button identified by ``locator``.</doc>
<status status="PASS" start="2024-11-18T18:09:58.014713" elapsed="1.603229"/>
</kw>
<kw name="Page Should Contain" owner="SeleniumLibrary">
<msg time="2024-11-18T18:10:00.635213" level="INFO">Current page contains text 'nappia painettu 0 kertaa'.</msg>
<arg>nappia painettu 0 kertaa</arg>
<doc>Verifies that current page contains ``text``.</doc>
<status status="PASS" start="2024-11-18T18:09:59.618574" elapsed="1.016923"/>
</kw>
<status status="PASS" start="2024-11-18T18:09:55.690698" elapsed="4.945300"/>
</test>
<kw name="Close Browser" owner="SeleniumLibrary" type="TEARDOWN">
<doc>Closes the current browser.</doc>
<status status="PASS" start="2024-11-18T18:10:00.637203" elapsed="1.579780"/>
</kw>
<status status="PASS" start="2024-11-18T18:09:51.589216" elapsed="10.628015"/>
</suite>
<suite id="s1-s3" name="Set" source="/home/tatu/_repos/webcounter/src/tests/set.robot">
<kw name="Open And Configure Browser" owner="resource" type="SETUP">
<if>
<branch type="IF" condition="$BROWSER == 'chrome'">
<kw name="Evaluate" owner="BuiltIn">
<var>${options}</var>
<arg>sys.modules['selenium.webdriver'].ChromeOptions()</arg>
<arg>sys</arg>
<doc>Evaluates the given expression in Python and returns the result.</doc>
<status status="NOT RUN" start="2024-11-18T18:10:02.227168" elapsed="0.000104"/>
</kw>
<status status="NOT RUN" start="2024-11-18T18:10:02.226417" elapsed="0.001037"/>
</branch>
<branch type="ELSE IF" condition="$BROWSER == 'firefox'">
<kw name="Evaluate" owner="BuiltIn">
<msg time="2024-11-18T18:10:02.228980" level="INFO">${options} = &lt;selenium.webdriver.firefox.options.Options object at 0x757ce38cf4d0&gt;</msg>
<var>${options}</var>
<arg>sys.modules['selenium.webdriver'].FirefoxOptions()</arg>
<arg>sys</arg>
<doc>Evaluates the given expression in Python and returns the result.</doc>
<status status="PASS" start="2024-11-18T18:10:02.228076" elapsed="0.000968"/>
</kw>
<status status="PASS" start="2024-11-18T18:10:02.227571" elapsed="0.001575"/>
</branch>
<status status="PASS" start="2024-11-18T18:10:02.226331" elapsed="0.002884"/>
</if>
<if>
<branch type="IF" condition="$HEADLESS == 'true'">
<kw name="Set Selenium Speed" owner="SeleniumLibrary">
<arg>0</arg>
<doc>Sets the delay that is waited after each Selenium command.</doc>
<status status="NOT RUN" start="2024-11-18T18:10:02.229670" elapsed="0.000058"/>
</kw>
<kw name="Call Method" owner="BuiltIn">
<arg>${options}</arg>
<arg>add_argument</arg>
<arg>--headless</arg>
<doc>Calls the named method of the given object with the provided arguments.</doc>
<status status="NOT RUN" start="2024-11-18T18:10:02.229897" elapsed="0.000047"/>
</kw>
<status status="NOT RUN" start="2024-11-18T18:10:02.229343" elapsed="0.000671"/>
</branch>
<branch type="ELSE">
<kw name="Set Selenium Speed" owner="SeleniumLibrary">
<arg>${DELAY}</arg>
<doc>Sets the delay that is waited after each Selenium command.</doc>
<status status="PASS" start="2024-11-18T18:10:02.230230" elapsed="0.000556"/>
</kw>
<status status="PASS" start="2024-11-18T18:10:02.230074" elapsed="0.000820"/>
</branch>
<status status="PASS" start="2024-11-18T18:10:02.229306" elapsed="0.001661"/>
</if>
<kw name="Open Browser" owner="SeleniumLibrary">
<msg time="2024-11-18T18:10:02.231890" level="INFO">Opening browser 'firefox' to base url 'None'.</msg>
<arg>browser=${BROWSER}</arg>
<arg>options=${options}</arg>
<doc>Opens a new browser instance to the optional ``url``.</doc>
<status status="PASS" start="2024-11-18T18:10:02.231407" elapsed="4.062037"/>
</kw>
<status status="PASS" start="2024-11-18T18:10:02.225741" elapsed="4.068009"/>
</kw>
<test id="s1-s3-t1" name="When counter has been set to a value the counter should have that value" line="7">
<kw name="Go To" owner="SeleniumLibrary">
<msg time="2024-11-18T18:10:06.295426" level="INFO">Opening url 'http://localhost:5001'</msg>
<arg>${HOME_URL}</arg>
<doc>Navigates the current browser window to the provided ``url``.</doc>
<status status="PASS" start="2024-11-18T18:10:06.295019" elapsed="0.635187"/>
</kw>
<kw name="Input Text" owner="SeleniumLibrary">
<msg time="2024-11-18T18:10:06.931593" level="INFO">Typing text '8374' into text field 'value'.</msg>
<arg>value</arg>
<arg>8374</arg>
<doc>Types the given ``text`` into the text field identified by ``locator``.</doc>
<status status="PASS" start="2024-11-18T18:10:06.930939" elapsed="1.676744"/>
</kw>
<kw name="Click Button" owner="SeleniumLibrary">
<msg time="2024-11-18T18:10:08.608801" level="INFO">Clicking button 'aseta'.</msg>
<arg>aseta</arg>
<doc>Clicks the button identified by ``locator``.</doc>
<status status="PASS" start="2024-11-18T18:10:08.608358" elapsed="1.615985"/>
</kw>
<kw name="Page Should Contain" owner="SeleniumLibrary">
<msg time="2024-11-18T18:10:11.239476" level="INFO">Current page contains text 'nappia painettu 8374 kertaa'.</msg>
<arg>nappia painettu 8374 kertaa</arg>
<doc>Verifies that current page contains ``text``.</doc>
<status status="PASS" start="2024-11-18T18:10:10.225037" elapsed="1.014739"/>
</kw>
<status status="PASS" start="2024-11-18T18:10:06.293970" elapsed="4.946330"/>
</test>
<kw name="Close Browser" owner="SeleniumLibrary" type="TEARDOWN">
<doc>Closes the current browser.</doc>
<status status="PASS" start="2024-11-18T18:10:11.241368" elapsed="1.591657"/>
</kw>
<status status="PASS" start="2024-11-18T18:10:02.219000" elapsed="10.614225"/>
</suite>
<status status="PASS" start="2024-11-18T18:09:38.462141" elapsed="34.372598"/>
</suite>
<statistics>
<total>
<stat pass="4" fail="0" skip="0">All Tests</stat>
</total>
<tag>
</tag>
<suite>
<stat pass="4" fail="0" skip="0" id="s1" name="Tests">Tests</stat>
<stat pass="2" fail="0" skip="0" id="s1-s1" name="Increment">Tests.Increment</stat>
<stat pass="1" fail="0" skip="0" id="s1-s2" name="Reset">Tests.Reset</stat>
<stat pass="1" fail="0" skip="0" id="s1-s3" name="Set">Tests.Set</stat>
</suite>
</statistics>
<errors>
</errors>
</robot>
